tfmobile/gradleBuild/intermediates/manifest_merge_blame_file/debug/manifest-merger-blame-debug-report.txt
1<?xml version="1.0" encoding="utf-8"?>
2<!--
3 Copyright 2016 The TensorFlow Authors. All Rights Reserved.
4
5 Licensed under the Apache License, Version 2.0 (the "License");
6 you may not use this file except in compliance with the License.
7 You may obtain a copy of the License at
8
9     http://www.apache.org/licenses/LICENSE-2.0
10
11 Unless required by applicable law or agreed to in writing, software
12 distributed under the License is distributed on an "AS IS" BASIS,
13 WITHOUT WARRANTIES OR CONDITIONS OF ANY KIND, either express or implied.
14 See the License for the specific language governing permissions and
15 limitations under the License.
16-->
17<manifest xmlns:android="http://schemas.android.com/apk/res/android"
18    package="org.tensorflow.demo" >
19
20    <uses-sdk android:minSdkVersion="1" />
20-->SafeDrive\tfmobile\AndroidManifest.xml
21
22    <uses-permission android:name="android.permission.CAMERA" />
22-->SafeDrive\tfmobile\AndroidManifest.xml:21:5-65
22-->SafeDrive\tfmobile\AndroidManifest.xml:21:22-62
23
24    <uses-feature android:name="android.hardware.camera" />
24-->SafeDrive\tfmobile\AndroidManifest.xml:22:5-60
24-->SafeDrive\tfmobile\AndroidManifest.xml:22:19-57
25    <uses-feature android:name="android.hardware.camera.autofocus" />
25-->SafeDrive\tfmobile\AndroidManifest.xml:23:5-70
25-->SafeDrive\tfmobile\AndroidManifest.xml:23:19-67
26
27    <uses-permission android:name="android.permission.WRITE_EXTERNAL_STORAGE" />
27-->SafeDrive\tfmobile\AndroidManifest.xml:24:5-80
27-->SafeDrive\tfmobile\AndroidManifest.xml:24:22-78
28
29    <!-- <uses-sdk -->
30    <!-- android:minSdkVersion="21" -->
31    <!-- android:targetSdkVersion="25" /> -->
32    <application
32-->SafeDrive\tfmobile\AndroidManifest.xml:30:5-44:19
33        android:allowBackup="true"
33-->SafeDrive\tfmobile\AndroidManifest.xml:30:18-44
34        android:debuggable="true"
34-->SafeDrive\tfmobile\AndroidManifest.xml:31:9-34
35        android:icon="@drawable/ic_launcher"
35-->SafeDrive\tfmobile\AndroidManifest.xml:33:9-45
36        android:label="@string/app_name"
36-->SafeDrive\tfmobile\AndroidManifest.xml:32:9-41
37        android:testOnly="true"
38        android:theme="@style/MaterialTheme" >
38-->SafeDrive\tfmobile\AndroidManifest.xml:34:9-45
39        <activity
39-->SafeDrive\tfmobile\AndroidManifest.xml:36:9-43:20
40            android:name="org.tensorflow.demo.ClassifierActivity"
40-->SafeDrive\tfmobile\AndroidManifest.xml:36:19-72
41            android:label="@string/activity_name_classification"
41-->SafeDrive\tfmobile\AndroidManifest.xml:38:19-71
42            android:screenOrientation="portrait" >
42-->SafeDrive\tfmobile\AndroidManifest.xml:37:19-55
43            <intent-filter>
43-->SafeDrive\tfmobile\AndroidManifest.xml:39:13-42:29
44                <action android:name="android.intent.action.MAIN" />
44-->SafeDrive\tfmobile\AndroidManifest.xml:40:17-69
44-->SafeDrive\tfmobile\AndroidManifest.xml:40:25-66
45
46                <category android:name="android.intent.category.LAUNCHER" />
46-->SafeDrive\tfmobile\AndroidManifest.xml:41:17-77
46-->SafeDrive\tfmobile\AndroidManifest.xml:41:27-74
47            </intent-filter>
48        </activity>
49    </application>
50
51</manifest>